2024-04-20 04:13:44,451 - INFO - [31m[1mWARNING: This is a development server. Do not use it in a production deployment. Use a production WSGI server instead.[0m
 * Running on http://127.0.0.1:5000
2024-04-20 04:13:44,451 - INFO - [33mPress CTRL+C to quit[0m
2024-04-20 04:13:44,451 - INFO -  * Restarting with stat
2024-04-20 04:13:44,604 - WARNING -  * Debugger is active!
2024-04-20 04:13:44,605 - INFO -  * Debugger PIN: 988-201-607
2024-04-20 04:13:52,029 - INFO - Received message: Hello world 352! for process: create_text_number2.py
2024-04-20 04:13:52,029 - INFO - Received message: Hello world 352! for process: create_text_number2.py
2024-04-20 04:13:52,088 - INFO - Message forwarded to PyRocess_Handler for process: create_text_number2.py
2024-04-20 04:13:52,088 - INFO - Message forwarded to PyRocess_Handler for process: create_text_number2.py
2024-04-20 04:13:52,089 - INFO - 127.0.0.1 - - [20/Apr/2024 04:13:52] "POST /Bowser HTTP/1.1" 200 -
2024-04-20 04:15:21,051 - INFO -  * Detected change in 'C:\\Users\\Stefa\\Downloads\\Bowser_the_PyRocess_Browser\\PyRocess_Handler.py', reloading
2024-04-20 04:15:21,084 - INFO -  * Restarting with stat
2024-04-20 04:15:30,439 - INFO -  * Restarting with stat
2024-04-20 04:16:29,511 - INFO -  * Restarting with stat
2024-04-20 04:16:52,069 - INFO -  * Restarting with stat
2024-04-20 04:16:58,388 - INFO -  * Restarting with stat
2024-04-20 04:17:05,722 - INFO -  * Restarting with stat
2024-04-20 04:17:18,117 - INFO -  * Restarting with stat
2024-04-20 04:17:38,636 - INFO -  * Restarting with stat
2024-04-20 04:17:51,031 - INFO -  * Restarting with stat
2024-04-20 04:19:20,584 - INFO -  * Restarting with stat
2024-04-20 04:19:28,916 - INFO -  * Restarting with stat
2024-04-20 04:19:52,479 - INFO -  * Restarting with stat
2024-04-20 04:21:21,022 - INFO -  * Restarting with stat
