2024-04-20 15:25:11,607 - INFO - [31m[1mWARNING: This is a development server. Do not use it in a production deployment. Use a production WSGI server instead.[0m
 * Running on http://127.0.0.1:5000
2024-04-20 15:25:11,607 - INFO - [33mPress CTRL+C to quit[0m
2024-04-20 15:25:11,608 - INFO -  * Restarting with stat
2024-04-20 15:25:11,764 - WARNING -  * Debugger is active!
2024-04-20 15:25:11,766 - INFO -  * Debugger PIN: 988-201-607
2024-04-20 15:25:25,311 - INFO - Received message: Hello world 3002! for process: create_text_number1
2024-04-20 15:25:25,311 - INFO - Received message: Hello world 3002! for process: create_text_number1
2024-04-20 15:25:25,367 - INFO - Message forwarded to PyRocess_Handler for process: create_text_number1
2024-04-20 15:25:25,367 - INFO - Message forwarded to PyRocess_Handler for process: create_text_number1
2024-04-20 15:25:25,367 - INFO - 127.0.0.1 - - [20/Apr/2024 15:25:25] "POST /Bowser HTTP/1.1" 200 -
2024-04-20 15:26:03,218 - INFO - Received message: Hello world 3002! for process: create_text_number1
2024-04-20 15:26:03,218 - INFO - Received message: Hello world 3002! for process: create_text_number1
2024-04-20 15:26:03,269 - INFO - Message forwarded to PyRocess_Handler for process: create_text_number1
2024-04-20 15:26:03,269 - INFO - Message forwarded to PyRocess_Handler for process: create_text_number1
2024-04-20 15:26:03,269 - INFO - 127.0.0.1 - - [20/Apr/2024 15:26:03] "POST /Bowser HTTP/1.1" 200 -
2024-04-20 15:27:02,921 - INFO -  * Detected change in 'c:\\Users\\Stefa\\Downloads\\Bowser_the_PyRocess_Browser\\Request.py', reloading
2024-04-20 15:27:02,963 - INFO -  * Restarting with stat
2024-04-20 15:30:20,920 - INFO -  * Restarting with stat
2024-04-20 15:32:24,466 - INFO -  * Restarting with stat
2024-04-20 15:35:13,168 - INFO -  * Restarting with stat
2024-04-20 15:35:25,608 - INFO -  * Restarting with stat
2024-04-20 15:35:39,069 - INFO -  * Restarting with stat
2024-04-20 15:35:47,450 - INFO -  * Restarting with stat
2024-04-20 15:36:00,924 - INFO -  * Restarting with stat
2024-04-20 15:37:09,392 - INFO -  * Restarting with stat
2024-04-20 15:37:48,369 - INFO -  * Restarting with stat
2024-04-20 15:38:04,890 - INFO -  * Restarting with stat
